<?xml version="1.0" encoding="UTF-8"?>
<testsuite name="FileServerTest" tests="1" skipped="0" failures="0" errors="0" timestamp="2022-02-17T17:05:40" hostname="NADEJDA" time="12.168">
  <properties/>
  <testcase name="start" classname="FileServerTest" time="12.168"/>
  <system-out><![CDATA[?[1;31m
Start test 1?[0m
Enter action (1 - get a file, 2 - save a file, 3 - delete a file):
> exit
The request was sent.
?[1;31m
Start test 2?[0m
?[1;31m
Start test 3?[0m
Server started!
Enter action (1 - get a file, 2 - save a file, 3 - delete a file):
> 2
Enter filename:
> test_purpose_test1.txt
Enter name of the file to be saved on server:
> 
The request was sent.
200
Response says that file is saved! ID = 7
Enter action (1 - get a file, 2 - save a file, 3 - delete a file):
> 2
Enter filename:
> test_purpose_test2.txt
Enter name of the file to be saved on server:
> test_purpose_newFile.txt
The request was sent.
200
Response says that file is saved! ID = 8
Enter action (1 - get a file, 2 - save a file, 3 - delete a file):
> 1
Do you want to get the file by name or by id (1 - name, 2 - id):
> 1
Enter filename:
> test_purpose_notExist.txt
The request was sent.
404
The response says that this file is not found!
Enter action (1 - get a file, 2 - save a file, 3 - delete a file):
> 1
Do you want to get the file by name or by id (1 - name, 2 - id):
> 2
Enter id:
> 7511
The request was sent.
404
The response says that this file is not found!
Enter action (1 - get a file, 2 - save a file, 3 - delete a file):
> 1
Do you want to get the file by name or by id (1 - name, 2 - id):
> 1
Enter filename:
> test_purpose_newFile.txt
The request was sent.
200
The file was downloaded! Specify a name for it:
> test_purpose_get.txt
File saved on the hard drive!
Enter action (1 - get a file, 2 - save a file, 3 - delete a file):
> 1
Do you want to get the file by name or by id (1 - name, 2 - id):
> 2
Enter id:
> 7
The request was sent.
200
The file was downloaded! Specify a name for it:
> test_purpose_get_id.txt
File saved on the hard drive!
Enter action (1 - get a file, 2 - save a file, 3 - delete a file):
> exit
The request was sent.
?[1;31m
Start test 4?[0m
Server started!
Enter action (1 - get a file, 2 - save a file, 3 - delete a file):
> 1
Do you want to get the file by name or by id (1 - name, 2 - id):
> 1
Enter filename:
> test_purpose_newFile.txt
The request was sent.
200
The file was downloaded! Specify a name for it:
> test_purpose_get_after_restart.txt
File saved on the hard drive!
Enter action (1 - get a file, 2 - save a file, 3 - delete a file):
> 1
Do you want to get the file by name or by id (1 - name, 2 - id):
> 2
Enter id:
> 7
The request was sent.
200
The file was downloaded! Specify a name for it:
> test_purpose_get_by_id_after_restart.txt
File saved on the hard drive!
Enter action (1 - get a file, 2 - save a file, 3 - delete a file):
> exit
The request was sent.
?[1;31m
Start test 5?[0m
Server started!
Enter action (1 - get a file, 2 - save a file, 3 - delete a file):
> 3
Do you want to get the file by name or by id (1 - name, 2 - id):
> 1
Enter filename:
> test_purpose_newFile.txt
The request was sent.
200
The response says that the file was successfully deleted!
Enter action (1 - get a file, 2 - save a file, 3 - delete a file):
> 3
Do you want to get the file by name or by id (1 - name, 2 - id):
> 2
Enter id:
> 7
The request was sent.
200
The response says that the file was successfully deleted!
Enter action (1 - get a file, 2 - save a file, 3 - delete a file):
> exit
The request was sent.
]]></system-out>
  <system-err><![CDATA[java.net.BindException: Address already in use: bind
	at java.base/sun.nio.ch.Net.bind0(Native Method)
	at java.base/sun.nio.ch.Net.bind(Net.java:555)
	at java.base/sun.nio.ch.Net.bind(Net.java:544)
	at java.base/sun.nio.ch.NioSocketImpl.bind(NioSocketImpl.java:643)
	at java.base/java.net.ServerSocket.bind(ServerSocket.java:388)
	at java.base/java.net.ServerSocket.<init>(ServerSocket.java:274)
	at java.base/java.net.ServerSocket.<init>(ServerSocket.java:167)
	at server.Server.runServer(Server.java:18)
	at server.Main.main(Main.java:10)
	at java.base/jdk.internal.reflect.NativeMethodAccessorImpl.invoke0(Native Method)
	at java.base/jdk.internal.reflect.NativeMethodAccessorImpl.invoke(NativeMethodAccessorImpl.java:77)
	at java.base/jdk.internal.reflect.DelegatingMethodAccessorImpl.invoke(DelegatingMethodAccessorImpl.java:43)
	at java.base/java.lang.reflect.Method.invoke(Method.java:568)
	at org.hyperskill.hstest.testing.execution.MainMethodExecutor.invokeMain(MainMethodExecutor.java:172)
	at org.hyperskill.hstest.testing.execution.MainMethodExecutor.lambda$launch$0(MainMethodExecutor.java:199)
	at java.base/java.util.concurrent.Executors$RunnableAdapter.call(Executors.java:539)
	at java.base/java.util.concurrent.FutureTask.run(FutureTask.java:264)
	at java.base/java.util.concurrent.ThreadPoolExecutor.runWorker(ThreadPoolExecutor.java:1136)
	at java.base/java.util.concurrent.ThreadPoolExecutor$Worker.run(ThreadPoolExecutor.java:635)
	at java.base/java.lang.Thread.run(Thread.java:833)
java.io.EOFException
	at java.base/java.io.ObjectInputStream$BlockDataInputStream.peekByte(ObjectInputStream.java:3225)
	at java.base/java.io.ObjectInputStream.readObject0(ObjectInputStream.java:1695)
	at java.base/java.io.ObjectInputStream.readObject(ObjectInputStream.java:514)
	at java.base/java.io.ObjectInputStream.readObject(ObjectInputStream.java:472)
	at client.Client.runClient(Client.java:40)
	at client.Main.main(Main.java:10)
	at java.base/jdk.internal.reflect.NativeMethodAccessorImpl.invoke0(Native Method)
	at java.base/jdk.internal.reflect.NativeMethodAccessorImpl.invoke(NativeMethodAccessorImpl.java:77)
	at java.base/jdk.internal.reflect.DelegatingMethodAccessorImpl.invoke(DelegatingMethodAccessorImpl.java:43)
	at java.base/java.lang.reflect.Method.invoke(Method.java:568)
	at org.hyperskill.hstest.testing.execution.MainMethodExecutor.invokeMain(MainMethodExecutor.java:172)
	at org.hyperskill.hstest.testing.execution.MainMethodExecutor.lambda$launch$0(MainMethodExecutor.java:199)
	at java.base/java.util.concurrent.Executors$RunnableAdapter.call(Executors.java:539)
	at java.base/java.util.concurrent.FutureTask.run(FutureTask.java:264)
	at java.base/java.util.concurrent.ThreadPoolExecutor.runWorker(ThreadPoolExecutor.java:1136)
	at java.base/java.util.concurrent.ThreadPoolExecutor$Worker.run(ThreadPoolExecutor.java:635)
	at java.base/java.lang.Thread.run(Thread.java:833)
java.io.EOFException
	at java.base/java.io.ObjectInputStream$BlockDataInputStream.peekByte(ObjectInputStream.java:3225)
	at java.base/java.io.ObjectInputStream.readObject0(ObjectInputStream.java:1695)
	at java.base/java.io.ObjectInputStream.readObject(ObjectInputStream.java:514)
	at java.base/java.io.ObjectInputStream.readObject(ObjectInputStream.java:472)
	at client.Client.runClient(Client.java:40)
	at client.Main.main(Main.java:10)
	at java.base/jdk.internal.reflect.NativeMethodAccessorImpl.invoke0(Native Method)
	at java.base/jdk.internal.reflect.NativeMethodAccessorImpl.invoke(NativeMethodAccessorImpl.java:77)
	at java.base/jdk.internal.reflect.DelegatingMethodAccessorImpl.invoke(DelegatingMethodAccessorImpl.java:43)
	at java.base/java.lang.reflect.Method.invoke(Method.java:568)
	at org.hyperskill.hstest.testing.execution.MainMethodExecutor.invokeMain(MainMethodExecutor.java:172)
	at org.hyperskill.hstest.testing.execution.MainMethodExecutor.lambda$launch$0(MainMethodExecutor.java:199)
	at java.base/java.util.concurrent.Executors$RunnableAdapter.call(Executors.java:539)
	at java.base/java.util.concurrent.FutureTask.run(FutureTask.java:264)
	at java.base/java.util.concurrent.ThreadPoolExecutor.runWorker(ThreadPoolExecutor.java:1136)
	at java.base/java.util.concurrent.ThreadPoolExecutor$Worker.run(ThreadPoolExecutor.java:635)
	at java.base/java.lang.Thread.run(Thread.java:833)
java.io.EOFException
	at java.base/java.io.ObjectInputStream$BlockDataInputStream.peekByte(ObjectInputStream.java:3225)
	at java.base/java.io.ObjectInputStream.readObject0(ObjectInputStream.java:1695)
	at java.base/java.io.ObjectInputStream.readObject(ObjectInputStream.java:514)
	at java.base/java.io.ObjectInputStream.readObject(ObjectInputStream.java:472)
	at client.Client.runClient(Client.java:40)
	at client.Main.main(Main.java:10)
	at java.base/jdk.internal.reflect.NativeMethodAccessorImpl.invoke0(Native Method)
	at java.base/jdk.internal.reflect.NativeMethodAccessorImpl.invoke(NativeMethodAccessorImpl.java:77)
	at java.base/jdk.internal.reflect.DelegatingMethodAccessorImpl.invoke(DelegatingMethodAccessorImpl.java:43)
	at java.base/java.lang.reflect.Method.invoke(Method.java:568)
	at org.hyperskill.hstest.testing.execution.MainMethodExecutor.invokeMain(MainMethodExecutor.java:172)
	at org.hyperskill.hstest.testing.execution.MainMethodExecutor.lambda$launch$0(MainMethodExecutor.java:199)
	at java.base/java.util.concurrent.Executors$RunnableAdapter.call(Executors.java:539)
	at java.base/java.util.concurrent.FutureTask.run(FutureTask.java:264)
	at java.base/java.util.concurrent.ThreadPoolExecutor.runWorker(ThreadPoolExecutor.java:1136)
	at java.base/java.util.concurrent.ThreadPoolExecutor$Worker.run(ThreadPoolExecutor.java:635)
	at java.base/java.lang.Thread.run(Thread.java:833)
java.io.EOFException
	at java.base/java.io.ObjectInputStream$BlockDataInputStream.peekByte(ObjectInputStream.java:3225)
	at java.base/java.io.ObjectInputStream.readObject0(ObjectInputStream.java:1695)
	at java.base/java.io.ObjectInputStream.readObject(ObjectInputStream.java:514)
	at java.base/java.io.ObjectInputStream.readObject(ObjectInputStream.java:472)
	at client.Client.runClient(Client.java:40)
	at client.Main.main(Main.java:10)
	at java.base/jdk.internal.reflect.NativeMethodAccessorImpl.invoke0(Native Method)
	at java.base/jdk.internal.reflect.NativeMethodAccessorImpl.invoke(NativeMethodAccessorImpl.java:77)
	at java.base/jdk.internal.reflect.DelegatingMethodAccessorImpl.invoke(DelegatingMethodAccessorImpl.java:43)
	at java.base/java.lang.reflect.Method.invoke(Method.java:568)
	at org.hyperskill.hstest.testing.execution.MainMethodExecutor.invokeMain(MainMethodExecutor.java:172)
	at org.hyperskill.hstest.testing.execution.MainMethodExecutor.lambda$launch$0(MainMethodExecutor.java:199)
	at java.base/java.util.concurrent.Executors$RunnableAdapter.call(Executors.java:539)
	at java.base/java.util.concurrent.FutureTask.run(FutureTask.java:264)
	at java.base/java.util.concurrent.ThreadPoolExecutor.runWorker(ThreadPoolExecutor.java:1136)
	at java.base/java.util.concurrent.ThreadPoolExecutor$Worker.run(ThreadPoolExecutor.java:635)
	at java.base/java.lang.Thread.run(Thread.java:833)
]]></system-err>
</testsuite>
